{"email":"abel@aurosolar.es","level":"info","message":"login_exitoso","rol":"INSTALADOR","service":"aurosolar-erp","timestamp":"2026-02-25 00:00:34"}
{"error":"Dynamic server usage: Route /api/activos/resumen couldn't be rendered statically because it used `cookies`. See more info here: https://nextjs.org/docs/messages/dynamic-server-error","level":"error","message":"error_api","ruta":"/api/activos/resumen","service":"aurosolar-erp","timestamp":"2026-02-25 00:05:16"}
{"error":"Dynamic server usage: Route /api/cobros/resumen couldn't be rendered statically because it used `cookies`. See more info here: https://nextjs.org/docs/messages/dynamic-server-error","level":"error","message":"error_api","ruta":"/api/cobros/resumen","service":"aurosolar-erp","timestamp":"2026-02-25 00:05:16"}
{"error":"Dynamic server usage: Route /api/crm/ranking couldn't be rendered statically because it used `cookies`. See more info here: https://nextjs.org/docs/messages/dynamic-server-error","level":"error","message":"error_api","ruta":"/api/crm/ranking","service":"aurosolar-erp","timestamp":"2026-02-25 00:05:16"}
{"error":"Dynamic server usage: Route /api/crm/pipeline couldn't be rendered statically because it used `cookies`. See more info here: https://nextjs.org/docs/messages/dynamic-server-error","level":"error","message":"error_api","ruta":"/api/crm/pipeline","service":"aurosolar-erp","timestamp":"2026-02-25 00:05:16"}
{"error":"Dynamic server usage: Route /api/cobros/alertas couldn't be rendered statically because it used `cookies`. See more info here: https://nextjs.org/docs/messages/dynamic-server-error","level":"error","message":"error_api","ruta":"/api/cobros/alertas","service":"aurosolar-erp","timestamp":"2026-02-25 00:05:16"}
{"error":"Dynamic server usage: Route /api/dashboard couldn't be rendered statically because it used `cookies`. See more info here: https://nextjs.org/docs/messages/dynamic-server-error","level":"error","message":"error_api","ruta":"/api/dashboard","service":"aurosolar-erp","timestamp":"2026-02-25 00:05:16"}
{"error":"Dynamic server usage: Route /api/incidencias couldn't be rendered statically because it used `cookies`. See more info here: https://nextjs.org/docs/messages/dynamic-server-error","level":"error","message":"error_api","ruta":"/api/incidencias","service":"aurosolar-erp","timestamp":"2026-02-25 00:05:16"}
{"error":"Dynamic server usage: Route /api/crm/dashboard couldn't be rendered statically because it used `cookies`. See more info here: https://nextjs.org/docs/messages/dynamic-server-error","level":"error","message":"error_api","ruta":"/api/crm/dashboard","service":"aurosolar-erp","timestamp":"2026-02-25 00:05:16"}
{"error":"Dynamic server usage: Route /api/planificacion/sin-programar couldn't be rendered statically because it used `cookies`. See more info here: https://nextjs.org/docs/messages/dynamic-server-error","level":"error","message":"error_api","ruta":"/api/planificacion/sin-programar","service":"aurosolar-erp","timestamp":"2026-02-25 00:05:16"}
{"error":"Dynamic server usage: Route /api/portal/obras couldn't be rendered statically because it used `cookies`. See more info here: https://nextjs.org/docs/messages/dynamic-server-error","level":"error","message":"error_api","ruta":"/api/portal/obras","service":"aurosolar-erp","timestamp":"2026-02-25 00:05:16"}
{"error":"Dynamic server usage: Route /api/portal/resumen couldn't be rendered statically because it used `cookies`. See more info here: https://nextjs.org/docs/messages/dynamic-server-error","level":"error","message":"error_api","ruta":"/api/portal/resumen","service":"aurosolar-erp","timestamp":"2026-02-25 00:05:16"}
{"error":"Dynamic server usage: Route /api/rentabilidad couldn't be rendered statically because it used `cookies`. See more info here: https://nextjs.org/docs/messages/dynamic-server-error","level":"error","message":"error_api","ruta":"/api/rentabilidad","service":"aurosolar-erp","timestamp":"2026-02-25 00:05:16"}
{"error":"Dynamic server usage: Route /api/planificacion/disponibilidad couldn't be rendered statically because it used `cookies`. See more info here: https://nextjs.org/docs/messages/dynamic-server-error","level":"error","message":"error_api","ruta":"/api/planificacion/disponibilidad","service":"aurosolar-erp","timestamp":"2026-02-25 00:05:16"}
{"email":"abel@aurosolar.es","level":"info","message":"login_exitoso","rol":"INSTALADOR","service":"aurosolar-erp","timestamp":"2026-02-25 00:06:43"}
{"email":"admin@aurosolar.es","level":"info","message":"login_exitoso","rol":"ADMIN","service":"aurosolar-erp","timestamp":"2026-02-25 00:07:52"}
{"error":"Dynamic server usage: Route /api/cobros/alertas couldn't be rendered statically because it used `cookies`. See more info here: https://nextjs.org/docs/messages/dynamic-server-error","level":"error","message":"error_api","ruta":"/api/cobros/alertas","service":"aurosolar-erp","timestamp":"2026-02-25 00:11:24"}
{"error":"Dynamic server usage: Route /api/crm/dashboard couldn't be rendered statically because it used `cookies`. See more info here: https://nextjs.org/docs/messages/dynamic-server-error","level":"error","message":"error_api","ruta":"/api/crm/dashboard","service":"aurosolar-erp","timestamp":"2026-02-25 00:11:24"}
{"error":"Dynamic server usage: Route /api/dashboard couldn't be rendered statically because it used `cookies`. See more info here: https://nextjs.org/docs/messages/dynamic-server-error","level":"error","message":"error_api","ruta":"/api/dashboard","service":"aurosolar-erp","timestamp":"2026-02-25 00:11:24"}
{"error":"Dynamic server usage: Route /api/cobros/resumen couldn't be rendered statically because it used `cookies`. See more info here: https://nextjs.org/docs/messages/dynamic-server-error","level":"error","message":"error_api","ruta":"/api/cobros/resumen","service":"aurosolar-erp","timestamp":"2026-02-25 00:11:24"}
{"error":"Dynamic server usage: Route /api/crm/pipeline couldn't be rendered statically because it used `cookies`. See more info here: https://nextjs.org/docs/messages/dynamic-server-error","level":"error","message":"error_api","ruta":"/api/crm/pipeline","service":"aurosolar-erp","timestamp":"2026-02-25 00:11:24"}
{"error":"Dynamic server usage: Route /api/incidencias couldn't be rendered statically because it used `cookies`. See more info here: https://nextjs.org/docs/messages/dynamic-server-error","level":"error","message":"error_api","ruta":"/api/incidencias","service":"aurosolar-erp","timestamp":"2026-02-25 00:11:24"}
{"error":"Dynamic server usage: Route /api/crm/ranking couldn't be rendered statically because it used `cookies`. See more info here: https://nextjs.org/docs/messages/dynamic-server-error","level":"error","message":"error_api","ruta":"/api/crm/ranking","service":"aurosolar-erp","timestamp":"2026-02-25 00:11:24"}
{"error":"Dynamic server usage: Route /api/notificaciones couldn't be rendered statically because it used `cookies`. See more info here: https://nextjs.org/docs/messages/dynamic-server-error","level":"error","message":"error_api","ruta":"/api/notificaciones","service":"aurosolar-erp","timestamp":"2026-02-25 00:11:24"}
{"error":"Dynamic server usage: Route /api/notificaciones/count couldn't be rendered statically because it used `cookies`. See more info here: https://nextjs.org/docs/messages/dynamic-server-error","level":"error","message":"error_api","ruta":"/api/notificaciones/count","service":"aurosolar-erp","timestamp":"2026-02-25 00:11:24"}
{"error":"Dynamic server usage: Route /api/planificacion/disponibilidad couldn't be rendered statically because it used `cookies`. See more info here: https://nextjs.org/docs/messages/dynamic-server-error","level":"error","message":"error_api","ruta":"/api/planificacion/disponibilidad","service":"aurosolar-erp","timestamp":"2026-02-25 00:11:25"}
{"error":"Dynamic server usage: Route /api/planificacion/sin-programar couldn't be rendered statically because it used `cookies`. See more info here: https://nextjs.org/docs/messages/dynamic-server-error","level":"error","message":"error_api","ruta":"/api/planificacion/sin-programar","service":"aurosolar-erp","timestamp":"2026-02-25 00:11:25"}
{"error":"Dynamic server usage: Route /api/portal/obras couldn't be rendered statically because it used `cookies`. See more info here: https://nextjs.org/docs/messages/dynamic-server-error","level":"error","message":"error_api","ruta":"/api/portal/obras","service":"aurosolar-erp","timestamp":"2026-02-25 00:11:25"}
{"error":"Dynamic server usage: Route /api/rentabilidad couldn't be rendered statically because it used `cookies`. See more info here: https://nextjs.org/docs/messages/dynamic-server-error","level":"error","message":"error_api","ruta":"/api/rentabilidad","service":"aurosolar-erp","timestamp":"2026-02-25 00:11:25"}
{"error":"Dynamic server usage: Route /api/portal/resumen couldn't be rendered statically because it used `cookies`. See more info here: https://nextjs.org/docs/messages/dynamic-server-error","level":"error","message":"error_api","ruta":"/api/portal/resumen","service":"aurosolar-erp","timestamp":"2026-02-25 00:11:25"}
{"error":"Dynamic server usage: Route /api/activos/resumen couldn't be rendered statically because it used `cookies`. See more info here: https://nextjs.org/docs/messages/dynamic-server-error","level":"error","message":"error_api","ruta":"/api/activos/resumen","service":"aurosolar-erp","timestamp":"2026-02-25 00:11:25"}
{"a":"INSTALANDO","codigo":"A-2026-02-002","de":"INCIDENCIA","level":"info","message":"estado_obra_cambiado","service":"aurosolar-erp","timestamp":"2026-02-25 00:13:03","usuario":"ac71b935-4a4d-429d-9b52-317d00266940"}
{"a":"INCIDENCIA","codigo":"A-2026-02-002","de":"INSTALANDO","level":"info","message":"estado_obra_cambiado","service":"aurosolar-erp","timestamp":"2026-02-25 00:13:05","usuario":"ac71b935-4a4d-429d-9b52-317d00266940"}
{"a":"INSTALANDO","codigo":"A-2026-02-002","de":"INCIDENCIA","level":"info","message":"estado_obra_cambiado","service":"aurosolar-erp","timestamp":"2026-02-25 00:13:23","usuario":"ac71b935-4a4d-429d-9b52-317d00266940"}
{"error":"Dynamic server usage: Route /api/cobros/alertas couldn't be rendered statically because it used `cookies`. See more info here: https://nextjs.org/docs/messages/dynamic-server-error","level":"error","message":"error_api","ruta":"/api/cobros/alertas","service":"aurosolar-erp","timestamp":"2026-02-25 00:15:34"}
{"error":"Dynamic server usage: Route /api/cobros/resumen couldn't be rendered statically because it used `cookies`. See more info here: https://nextjs.org/docs/messages/dynamic-server-error","level":"error","message":"error_api","ruta":"/api/cobros/resumen","service":"aurosolar-erp","timestamp":"2026-02-25 00:15:34"}
{"error":"Dynamic server usage: Route /api/crm/pipeline couldn't be rendered statically because it used `cookies`. See more info here: https://nextjs.org/docs/messages/dynamic-server-error","level":"error","message":"error_api","ruta":"/api/crm/pipeline","service":"aurosolar-erp","timestamp":"2026-02-25 00:15:34"}
{"error":"Dynamic server usage: Route /api/crm/dashboard couldn't be rendered statically because it used `cookies`. See more info here: https://nextjs.org/docs/messages/dynamic-server-error","level":"error","message":"error_api","ruta":"/api/crm/dashboard","service":"aurosolar-erp","timestamp":"2026-02-25 00:15:34"}
{"error":"Dynamic server usage: Route /api/dashboard couldn't be rendered statically because it used `cookies`. See more info here: https://nextjs.org/docs/messages/dynamic-server-error","level":"error","message":"error_api","ruta":"/api/dashboard","service":"aurosolar-erp","timestamp":"2026-02-25 00:15:34"}
{"error":"Dynamic server usage: Route /api/crm/ranking couldn't be rendered statically because it used `cookies`. See more info here: https://nextjs.org/docs/messages/dynamic-server-error","level":"error","message":"error_api","ruta":"/api/crm/ranking","service":"aurosolar-erp","timestamp":"2026-02-25 00:15:34"}
{"error":"Dynamic server usage: Route /api/incidencias couldn't be rendered statically because it used `cookies`. See more info here: https://nextjs.org/docs/messages/dynamic-server-error","level":"error","message":"error_api","ruta":"/api/incidencias","service":"aurosolar-erp","timestamp":"2026-02-25 00:15:34"}
{"error":"Dynamic server usage: Route /api/notificaciones couldn't be rendered statically because it used `cookies`. See more info here: https://nextjs.org/docs/messages/dynamic-server-error","level":"error","message":"error_api","ruta":"/api/notificaciones","service":"aurosolar-erp","timestamp":"2026-02-25 00:15:34"}
{"error":"Dynamic server usage: Route /api/notificaciones/count couldn't be rendered statically because it used `cookies`. See more info here: https://nextjs.org/docs/messages/dynamic-server-error","level":"error","message":"error_api","ruta":"/api/notificaciones/count","service":"aurosolar-erp","timestamp":"2026-02-25 00:15:34"}
{"error":"Dynamic server usage: Route /api/planificacion/sin-programar couldn't be rendered statically because it used `cookies`. See more info here: https://nextjs.org/docs/messages/dynamic-server-error","level":"error","message":"error_api","ruta":"/api/planificacion/sin-programar","service":"aurosolar-erp","timestamp":"2026-02-25 00:15:34"}
{"error":"Dynamic server usage: Route /api/activos/resumen couldn't be rendered statically because it used `cookies`. See more info here: https://nextjs.org/docs/messages/dynamic-server-error","level":"error","message":"error_api","ruta":"/api/activos/resumen","service":"aurosolar-erp","timestamp":"2026-02-25 00:15:34"}
{"error":"Dynamic server usage: Route /api/portal/obras couldn't be rendered statically because it used `cookies`. See more info here: https://nextjs.org/docs/messages/dynamic-server-error","level":"error","message":"error_api","ruta":"/api/portal/obras","service":"aurosolar-erp","timestamp":"2026-02-25 00:15:34"}
{"error":"Dynamic server usage: Route /api/planificacion/disponibilidad couldn't be rendered statically because it used `cookies`. See more info here: https://nextjs.org/docs/messages/dynamic-server-error","level":"error","message":"error_api","ruta":"/api/planificacion/disponibilidad","service":"aurosolar-erp","timestamp":"2026-02-25 00:15:34"}
{"error":"Dynamic server usage: Route /api/rentabilidad couldn't be rendered statically because it used `cookies`. See more info here: https://nextjs.org/docs/messages/dynamic-server-error","level":"error","message":"error_api","ruta":"/api/rentabilidad","service":"aurosolar-erp","timestamp":"2026-02-25 00:15:34"}
{"error":"Dynamic server usage: Route /api/portal/resumen couldn't be rendered statically because it used `cookies`. See more info here: https://nextjs.org/docs/messages/dynamic-server-error","level":"error","message":"error_api","ruta":"/api/portal/resumen","service":"aurosolar-erp","timestamp":"2026-02-25 00:15:34"}
{"email":"comercial@aurosolar.es","level":"info","message":"login_exitoso","rol":"COMERCIAL","service":"aurosolar-erp","timestamp":"2026-02-25 00:15:47"}
{"level":"warn","message":"acceso_denegado","permiso":"dashboard:ver","ruta":"/api/dashboard","service":"aurosolar-erp","timestamp":"2026-02-25 00:15:51","usuario":"comercial@aurosolar.es"}
{"email":"comercial@aurosolar.es","level":"info","message":"login_exitoso","rol":"COMERCIAL","service":"aurosolar-erp","timestamp":"2026-02-25 00:15:59"}
{"email":"comercial@aurosolar.es","level":"info","message":"login_exitoso","rol":"COMERCIAL","service":"aurosolar-erp","timestamp":"2026-02-25 00:16:11"}
{"email":"admin@aurosolar.es","level":"info","message":"login_exitoso","rol":"ADMIN","service":"aurosolar-erp","timestamp":"2026-02-25 00:16:50"}
{"email":"admin@aurosolar.es","level":"info","message":"login_exitoso","rol":"ADMIN","service":"aurosolar-erp","timestamp":"2026-02-25 00:17:10"}
{"comercial":"ac71b935-4a4d-429d-9b52-317d00266940","id":"27a7ff30-e4ee-4ddb-b693-637d2dcbb0cf","level":"info","message":"lead_creado","nombre":"Juan de Dios","service":"aurosolar-erp","timestamp":"2026-02-25 00:17:29"}
{"codigo":"A-2026-02-004","leadId":"27a7ff30-e4ee-4ddb-b693-637d2dcbb0cf","level":"info","message":"lead_convertido","obraId":"057c1136-18a4-4454-b443-4a231e04cc4a","service":"aurosolar-erp","timestamp":"2026-02-25 00:17:45"}
{"a":"PREPARANDO","codigo":"A-2026-02-004","de":"REVISION_TECNICA","level":"info","message":"estado_obra_cambiado","service":"aurosolar-erp","timestamp":"2026-02-25 00:18:06","usuario":"ac71b935-4a4d-429d-9b52-317d00266940"}
{"a":"SOLICITADA","de":"PENDIENTE","level":"info","message":"legalizacion_avanzada","obraId":"6f47c846-cfac-4abe-81eb-0a3482329d0f","service":"aurosolar-erp","timestamp":"2026-02-25 00:18:22"}
{"a":"EN_TRAMITE","de":"SOLICITADA","level":"info","message":"legalizacion_avanzada","obraId":"6f47c846-cfac-4abe-81eb-0a3482329d0f","service":"aurosolar-erp","timestamp":"2026-02-25 00:18:26"}
{"a":"APROBADA","de":"EN_TRAMITE","level":"info","message":"legalizacion_avanzada","obraId":"6f47c846-cfac-4abe-81eb-0a3482329d0f","service":"aurosolar-erp","timestamp":"2026-02-25 00:18:28"}
{"a":"INSCRITA","de":"APROBADA","level":"info","message":"legalizacion_avanzada","obraId":"6f47c846-cfac-4abe-81eb-0a3482329d0f","service":"aurosolar-erp","timestamp":"2026-02-25 00:18:30"}
{"codigo":"A-2026-02-004","importe":150000,"level":"info","message":"pago_registrado","metodo":"EFECTIVO","nuevoPendiente":0,"obraId":"057c1136-18a4-4454-b443-4a231e04cc4a","service":"aurosolar-erp","timestamp":"2026-02-25 00:19:01","usuario":"ac71b935-4a4d-429d-9b52-317d00266940"}
{"a":"PENDIENTE_MATERIAL","codigo":"A-2026-02-004","de":"PREPARANDO","level":"info","message":"estado_obra_cambiado","service":"aurosolar-erp","timestamp":"2026-02-25 00:19:17","usuario":"ac71b935-4a4d-429d-9b52-317d00266940"}
{"fecha":"2026-02-23T00:00:00.000Z","level":"info","message":"obra_programada","obraId":"057c1136-18a4-4454-b443-4a231e04cc4a","service":"aurosolar-erp","timestamp":"2026-02-25 00:19:40"}
{"a":"PROGRAMADA","codigo":"A-2026-02-004","de":"PENDIENTE_MATERIAL","level":"info","message":"estado_obra_cambiado","service":"aurosolar-erp","timestamp":"2026-02-25 00:19:46","usuario":"ac71b935-4a4d-429d-9b52-317d00266940"}
{"email":"abel@aurosolar.es","level":"info","message":"login_exitoso","rol":"INSTALADOR","service":"aurosolar-erp","timestamp":"2026-02-25 00:20:12"}
{"instalador":"abel@aurosolar.es","level":"info","message":"checkin_registrado","obraId":"057c1136-18a4-4454-b443-4a231e04cc4a","service":"aurosolar-erp","timestamp":"2026-02-25 00:25:03"}
