{"error":"Dynamic server usage: Route /api/cobros/resumen couldn't be rendered statically because it used `cookies`. See more info here: https://nextjs.org/docs/messages/dynamic-server-error","level":"error","message":"error_api","ruta":"/api/cobros/resumen","service":"aurosolar-erp","timestamp":"2026-02-24 22:39:28"}
{"error":"Dynamic server usage: Route /api/crm/dashboard couldn't be rendered statically because it used `cookies`. See more info here: https://nextjs.org/docs/messages/dynamic-server-error","level":"error","message":"error_api","ruta":"/api/crm/dashboard","service":"aurosolar-erp","timestamp":"2026-02-24 22:39:28"}
{"error":"Dynamic server usage: Route /api/dashboard couldn't be rendered statically because it used `cookies`. See more info here: https://nextjs.org/docs/messages/dynamic-server-error","level":"error","message":"error_api","ruta":"/api/dashboard","service":"aurosolar-erp","timestamp":"2026-02-24 22:39:28"}
{"error":"Dynamic server usage: Route /api/crm/pipeline couldn't be rendered statically because it used `cookies`. See more info here: https://nextjs.org/docs/messages/dynamic-server-error","level":"error","message":"error_api","ruta":"/api/crm/pipeline","service":"aurosolar-erp","timestamp":"2026-02-24 22:39:28"}
{"error":"Dynamic server usage: Route /api/crm/ranking couldn't be rendered statically because it used `cookies`. See more info here: https://nextjs.org/docs/messages/dynamic-server-error","level":"error","message":"error_api","ruta":"/api/crm/ranking","service":"aurosolar-erp","timestamp":"2026-02-24 22:39:28"}
{"error":"Dynamic server usage: Route /api/incidencias couldn't be rendered statically because it used `cookies`. See more info here: https://nextjs.org/docs/messages/dynamic-server-error","level":"error","message":"error_api","ruta":"/api/incidencias","service":"aurosolar-erp","timestamp":"2026-02-24 22:39:28"}
{"error":"Dynamic server usage: Route /api/cobros/alertas couldn't be rendered statically because it used `cookies`. See more info here: https://nextjs.org/docs/messages/dynamic-server-error","level":"error","message":"error_api","ruta":"/api/cobros/alertas","service":"aurosolar-erp","timestamp":"2026-02-24 22:39:28"}
{"error":"Dynamic server usage: Route /api/legalizacion couldn't be rendered statically because it used `cookies`. See more info here: https://nextjs.org/docs/messages/dynamic-server-error","level":"error","message":"error_api","ruta":"/api/legalizacion","service":"aurosolar-erp","timestamp":"2026-02-24 22:39:28"}
{"email":"admin@aurosolar.es","level":"info","message":"login_exitoso","rol":"ADMIN","service":"aurosolar-erp","timestamp":"2026-02-24 22:42:56"}
{"email":"admin@aurosolar.es","level":"info","message":"login_exitoso","rol":"ADMIN","service":"aurosolar-erp","timestamp":"2026-02-24 22:43:10"}
{"email":"admin@aurosolar.es","level":"info","message":"login_exitoso","rol":"ADMIN","service":"aurosolar-erp","timestamp":"2026-02-24 22:43:26"}
{"email":"admin@aurosolar.es","level":"info","message":"login_exitoso","rol":"ADMIN","service":"aurosolar-erp","timestamp":"2026-02-24 22:44:06"}
{"email":"admin@aurosolar.es","level":"info","message":"login_exitoso","rol":"ADMIN","service":"aurosolar-erp","timestamp":"2026-02-24 22:45:33"}
{"email":"admin@aurosolar.es","level":"info","message":"login_exitoso","rol":"ADMIN","service":"aurosolar-erp","timestamp":"2026-02-24 22:47:50"}
{"email":"admin@aurosolar.es","level":"warn","message":"login_fallido","razon":"password_incorrecta","service":"aurosolar-erp","timestamp":"2026-02-24 22:49:27"}
{"email":"admin@aurosolar.es","level":"info","message":"login_exitoso","rol":"ADMIN","service":"aurosolar-erp","timestamp":"2026-02-24 22:49:39"}
{"error":"Dynamic server usage: Route /api/cobros/resumen couldn't be rendered statically because it used `cookies`. See more info here: https://nextjs.org/docs/messages/dynamic-server-error","level":"error","message":"error_api","ruta":"/api/cobros/resumen","service":"aurosolar-erp","timestamp":"2026-02-24 23:01:00"}
{"error":"Dynamic server usage: Route /api/crm/dashboard couldn't be rendered statically because it used `cookies`. See more info here: https://nextjs.org/docs/messages/dynamic-server-error","level":"error","message":"error_api","ruta":"/api/crm/dashboard","service":"aurosolar-erp","timestamp":"2026-02-24 23:01:00"}
{"error":"Dynamic server usage: Route /api/crm/ranking couldn't be rendered statically because it used `cookies`. See more info here: https://nextjs.org/docs/messages/dynamic-server-error","level":"error","message":"error_api","ruta":"/api/crm/ranking","service":"aurosolar-erp","timestamp":"2026-02-24 23:01:00"}
{"error":"Dynamic server usage: Route /api/crm/pipeline couldn't be rendered statically because it used `cookies`. See more info here: https://nextjs.org/docs/messages/dynamic-server-error","level":"error","message":"error_api","ruta":"/api/crm/pipeline","service":"aurosolar-erp","timestamp":"2026-02-24 23:01:00"}
{"error":"Dynamic server usage: Route /api/dashboard couldn't be rendered statically because it used `cookies`. See more info here: https://nextjs.org/docs/messages/dynamic-server-error","level":"error","message":"error_api","ruta":"/api/dashboard","service":"aurosolar-erp","timestamp":"2026-02-24 23:01:00"}
{"error":"Dynamic server usage: Route /api/incidencias couldn't be rendered statically because it used `cookies`. See more info here: https://nextjs.org/docs/messages/dynamic-server-error","level":"error","message":"error_api","ruta":"/api/incidencias","service":"aurosolar-erp","timestamp":"2026-02-24 23:01:00"}
{"error":"Dynamic server usage: Route /api/cobros/alertas couldn't be rendered statically because it used `cookies`. See more info here: https://nextjs.org/docs/messages/dynamic-server-error","level":"error","message":"error_api","ruta":"/api/cobros/alertas","service":"aurosolar-erp","timestamp":"2026-02-24 23:01:00"}
{"error":"Dynamic server usage: Route /api/legalizacion couldn't be rendered statically because it used `cookies`. See more info here: https://nextjs.org/docs/messages/dynamic-server-error","level":"error","message":"error_api","ruta":"/api/legalizacion","service":"aurosolar-erp","timestamp":"2026-02-24 23:01:00"}
{"comercial":"ac71b935-4a4d-429d-9b52-317d00266940","id":"d573ce87-a11f-4676-8b28-e743a237ccb2","level":"info","message":"lead_creado","nombre":"Francisco","service":"aurosolar-erp","timestamp":"2026-02-24 23:02:35"}
{"codigo":"A-2026-02-001","leadId":"d573ce87-a11f-4676-8b28-e743a237ccb2","level":"info","message":"lead_convertido","obraId":"65f1eba5-147f-490a-97ce-9a3a42089dad","service":"aurosolar-erp","timestamp":"2026-02-24 23:03:29"}
{"a":"PREPARANDO","codigo":"A-2026-02-001","de":"REVISION_TECNICA","level":"info","message":"estado_obra_cambiado","service":"aurosolar-erp","timestamp":"2026-02-24 23:04:05","usuario":"ac71b935-4a4d-429d-9b52-317d00266940"}
{"codigo":"A-2026-02-001","importe":150000,"level":"info","message":"pago_registrado","metodo":"TRANSFERENCIA","nuevoPendiente":600000,"obraId":"65f1eba5-147f-490a-97ce-9a3a42089dad","service":"aurosolar-erp","timestamp":"2026-02-24 23:04:25","usuario":"ac71b935-4a4d-429d-9b52-317d00266940"}
{"email":"abel@aurosolar.es","level":"warn","message":"login_fallido","razon":"password_incorrecta","service":"aurosolar-erp","timestamp":"2026-02-24 23:10:16"}
{"email":"abel@aurosolar.es","level":"info","message":"login_exitoso","rol":"INSTALADOR","service":"aurosolar-erp","timestamp":"2026-02-24 23:10:30"}
{"a":"PENDIENTE_MATERIAL","codigo":"A-2026-02-001","de":"PREPARANDO","level":"info","message":"estado_obra_cambiado","service":"aurosolar-erp","timestamp":"2026-02-24 23:10:44","usuario":"ac71b935-4a4d-429d-9b52-317d00266940"}
{"a":"PREPARANDO","codigo":"A-2026-02-001","de":"PENDIENTE_MATERIAL","level":"info","message":"estado_obra_cambiado","service":"aurosolar-erp","timestamp":"2026-02-24 23:10:45","usuario":"ac71b935-4a4d-429d-9b52-317d00266940"}
{"a":"PROGRAMADA","codigo":"A-2026-02-001","de":"PREPARANDO","level":"info","message":"estado_obra_cambiado","service":"aurosolar-erp","timestamp":"2026-02-24 23:10:47","usuario":"ac71b935-4a4d-429d-9b52-317d00266940"}
{"a":"INSTALANDO","codigo":"A-2026-02-001","de":"PROGRAMADA","level":"info","message":"estado_obra_cambiado","service":"aurosolar-erp","timestamp":"2026-02-24 23:11:15","usuario":"ac71b935-4a4d-429d-9b52-317d00266940"}
{"a":"INCIDENCIA","codigo":"A-2026-02-001","de":"INSTALANDO","level":"info","message":"estado_obra_cambiado","service":"aurosolar-erp","timestamp":"2026-02-24 23:12:21","usuario":"ac71b935-4a4d-429d-9b52-317d00266940"}
{"a":"TERMINADA","codigo":"A-2026-02-001","de":"INCIDENCIA","level":"info","message":"estado_obra_cambiado","service":"aurosolar-erp","timestamp":"2026-02-24 23:12:23","usuario":"ac71b935-4a4d-429d-9b52-317d00266940"}
{"a":"LEGALIZACION","codigo":"A-2026-02-001","de":"TERMINADA","level":"info","message":"estado_obra_cambiado","service":"aurosolar-erp","timestamp":"2026-02-24 23:12:25","usuario":"ac71b935-4a4d-429d-9b52-317d00266940"}
{"estadoLegal":"SOLICITADA","level":"info","message":"legalizacion_actualizada","obraId":"65f1eba5-147f-490a-97ce-9a3a42089dad","service":"aurosolar-erp","timestamp":"2026-02-24 23:12:35","usuario":"admin@aurosolar.es"}
{"estadoLegal":"INSCRITA","level":"info","message":"legalizacion_actualizada","obraId":"65f1eba5-147f-490a-97ce-9a3a42089dad","service":"aurosolar-erp","timestamp":"2026-02-24 23:12:39","usuario":"admin@aurosolar.es"}
{"codigo":"A-2026-02-001","importe":600000,"level":"info","message":"pago_registrado","metodo":"TRANSFERENCIA","nuevoPendiente":0,"obraId":"65f1eba5-147f-490a-97ce-9a3a42089dad","service":"aurosolar-erp","timestamp":"2026-02-24 23:13:16","usuario":"ac71b935-4a4d-429d-9b52-317d00266940"}
{"a":"COMPLETADA","codigo":"A-2026-02-001","de":"LEGALIZADA","level":"info","message":"estado_obra_cambiado","service":"aurosolar-erp","timestamp":"2026-02-24 23:13:23","usuario":"ac71b935-4a4d-429d-9b52-317d00266940"}
{"codigo":"A-2026-02-002","level":"info","message":"obra_creada","service":"aurosolar-erp","timestamp":"2026-02-24 23:15:22","usuario":"ac71b935-4a4d-429d-9b52-317d00266940"}
{"a":"PREPARANDO","codigo":"A-2026-02-002","de":"REVISION_TECNICA","level":"info","message":"estado_obra_cambiado","service":"aurosolar-erp","timestamp":"2026-02-24 23:15:26","usuario":"ac71b935-4a4d-429d-9b52-317d00266940"}
{"a":"PENDIENTE_MATERIAL","codigo":"A-2026-02-002","de":"PREPARANDO","level":"info","message":"estado_obra_cambiado","service":"aurosolar-erp","timestamp":"2026-02-24 23:15:28","usuario":"ac71b935-4a4d-429d-9b52-317d00266940"}
{"a":"PREPARANDO","codigo":"A-2026-02-002","de":"PENDIENTE_MATERIAL","level":"info","message":"estado_obra_cambiado","service":"aurosolar-erp","timestamp":"2026-02-24 23:15:29","usuario":"ac71b935-4a4d-429d-9b52-317d00266940"}
{"a":"PROGRAMADA","codigo":"A-2026-02-002","de":"PREPARANDO","level":"info","message":"estado_obra_cambiado","service":"aurosolar-erp","timestamp":"2026-02-24 23:15:30","usuario":"ac71b935-4a4d-429d-9b52-317d00266940"}
{"a":"INSTALANDO","codigo":"A-2026-02-002","de":"PROGRAMADA","level":"info","message":"estado_obra_cambiado","service":"aurosolar-erp","timestamp":"2026-02-24 23:15:31","usuario":"ac71b935-4a4d-429d-9b52-317d00266940"}
{"email":"admin@aurosolar.es","level":"info","message":"login_exitoso","rol":"ADMIN","service":"aurosolar-erp","timestamp":"2026-02-24 23:19:13"}
{"error":"Dynamic server usage: Route /api/cobros/alertas couldn't be rendered statically because it used `cookies`. See more info here: https://nextjs.org/docs/messages/dynamic-server-error","level":"error","message":"error_api","ruta":"/api/cobros/alertas","service":"aurosolar-erp","timestamp":"2026-02-24 23:39:02"}
{"error":"Dynamic server usage: Route /api/crm/ranking couldn't be rendered statically because it used `cookies`. See more info here: https://nextjs.org/docs/messages/dynamic-server-error","level":"error","message":"error_api","ruta":"/api/crm/ranking","service":"aurosolar-erp","timestamp":"2026-02-24 23:39:02"}
{"error":"Dynamic server usage: Route /api/cobros/resumen couldn't be rendered statically because it used `cookies`. See more info here: https://nextjs.org/docs/messages/dynamic-server-error","level":"error","message":"error_api","ruta":"/api/cobros/resumen","service":"aurosolar-erp","timestamp":"2026-02-24 23:39:02"}
{"error":"Dynamic server usage: Route /api/crm/pipeline couldn't be rendered statically because it used `cookies`. See more info here: https://nextjs.org/docs/messages/dynamic-server-error","level":"error","message":"error_api","ruta":"/api/crm/pipeline","service":"aurosolar-erp","timestamp":"2026-02-24 23:39:02"}
{"error":"Dynamic server usage: Route /api/crm/dashboard couldn't be rendered statically because it used `cookies`. See more info here: https://nextjs.org/docs/messages/dynamic-server-error","level":"error","message":"error_api","ruta":"/api/crm/dashboard","service":"aurosolar-erp","timestamp":"2026-02-24 23:39:02"}
{"error":"Dynamic server usage: Route /api/incidencias couldn't be rendered statically because it used `cookies`. See more info here: https://nextjs.org/docs/messages/dynamic-server-error","level":"error","message":"error_api","ruta":"/api/incidencias","service":"aurosolar-erp","timestamp":"2026-02-24 23:39:02"}
{"error":"Dynamic server usage: Route /api/dashboard couldn't be rendered statically because it used `cookies`. See more info here: https://nextjs.org/docs/messages/dynamic-server-error","level":"error","message":"error_api","ruta":"/api/dashboard","service":"aurosolar-erp","timestamp":"2026-02-24 23:39:02"}
{"error":"Dynamic server usage: Route /api/planificacion/disponibilidad couldn't be rendered statically because it used `cookies`. See more info here: https://nextjs.org/docs/messages/dynamic-server-error","level":"error","message":"error_api","ruta":"/api/planificacion/disponibilidad","service":"aurosolar-erp","timestamp":"2026-02-24 23:39:02"}
{"error":"Dynamic server usage: Route /api/planificacion/sin-programar couldn't be rendered statically because it used `cookies`. See more info here: https://nextjs.org/docs/messages/dynamic-server-error","level":"error","message":"error_api","ruta":"/api/planificacion/sin-programar","service":"aurosolar-erp","timestamp":"2026-02-24 23:39:02"}
{"error":"Dynamic server usage: Route /api/portal/obras couldn't be rendered statically because it used `cookies`. See more info here: https://nextjs.org/docs/messages/dynamic-server-error","level":"error","message":"error_api","ruta":"/api/portal/obras","service":"aurosolar-erp","timestamp":"2026-02-24 23:39:03"}
{"error":"Dynamic server usage: Route /api/portal/resumen couldn't be rendered statically because it used `cookies`. See more info here: https://nextjs.org/docs/messages/dynamic-server-error","level":"error","message":"error_api","ruta":"/api/portal/resumen","service":"aurosolar-erp","timestamp":"2026-02-24 23:39:03"}
{"error":"Dynamic server usage: Route /api/rentabilidad couldn't be rendered statically because it used `cookies`. See more info here: https://nextjs.org/docs/messages/dynamic-server-error","level":"error","message":"error_api","ruta":"/api/rentabilidad","service":"aurosolar-erp","timestamp":"2026-02-24 23:39:03"}
{"a":"INCIDENCIA","codigo":"A-2026-02-002","de":"INSTALANDO","level":"info","message":"estado_obra_cambiado","service":"aurosolar-erp","timestamp":"2026-02-24 23:40:00","usuario":"ac71b935-4a4d-429d-9b52-317d00266940"}
{"campos":["nombre","apellidos","rol","telefono","zona","objetivoMensual"],"id":"7f344ebb-bf75-4b69-a80a-44c2b194c8ef","level":"info","message":"usuario_actualizado","service":"aurosolar-erp","timestamp":"2026-02-24 23:40:44"}
{"codigo":"A-2026-02-003","level":"info","message":"obra_creada","service":"aurosolar-erp","timestamp":"2026-02-24 23:42:40","usuario":"ac71b935-4a4d-429d-9b52-317d00266940"}
{"a":"PREPARANDO","codigo":"A-2026-02-003","de":"REVISION_TECNICA","level":"info","message":"estado_obra_cambiado","service":"aurosolar-erp","timestamp":"2026-02-24 23:42:44","usuario":"ac71b935-4a4d-429d-9b52-317d00266940"}
{"a":"PENDIENTE_MATERIAL","codigo":"A-2026-02-003","de":"PREPARANDO","level":"info","message":"estado_obra_cambiado","service":"aurosolar-erp","timestamp":"2026-02-24 23:42:45","usuario":"ac71b935-4a4d-429d-9b52-317d00266940"}
{"fecha":"2026-02-24T00:00:00.000Z","level":"info","message":"obra_programada","obraId":"6f47c846-cfac-4abe-81eb-0a3482329d0f","service":"aurosolar-erp","timestamp":"2026-02-24 23:42:58"}
{"a":"PREPARANDO","codigo":"A-2026-02-003","de":"PENDIENTE_MATERIAL","level":"info","message":"estado_obra_cambiado","service":"aurosolar-erp","timestamp":"2026-02-24 23:43:23","usuario":"ac71b935-4a4d-429d-9b52-317d00266940"}
{"a":"PROGRAMADA","codigo":"A-2026-02-003","de":"PREPARANDO","level":"info","message":"estado_obra_cambiado","service":"aurosolar-erp","timestamp":"2026-02-24 23:43:25","usuario":"ac71b935-4a4d-429d-9b52-317d00266940"}
{"instalador":"abel@aurosolar.es","level":"info","message":"checkin_registrado","obraId":"6f47c846-cfac-4abe-81eb-0a3482329d0f","service":"aurosolar-erp","timestamp":"2026-02-24 23:44:00"}
{"importe":5000,"level":"info","message":"gasto_registrado","obraId":"6f47c846-cfac-4abe-81eb-0a3482329d0f","service":"aurosolar-erp","timestamp":"2026-02-24 23:44:39","tipo":"COMBUSTIBLE","usuario":"abel@aurosolar.es"}
{"gravedad":"MEDIA","level":"info","message":"incidencia_creada","obraId":"6f47c846-cfac-4abe-81eb-0a3482329d0f","service":"aurosolar-erp","timestamp":"2026-02-24 23:44:54","usuario":"abel@aurosolar.es"}
{"level":"info","message":"validacion_completada","obraId":"6f47c846-cfac-4abe-81eb-0a3482329d0f","service":"aurosolar-erp","timestamp":"2026-02-24 23:45:53","usuario":"abel@aurosolar.es"}
{"email":"admin@aurosolar.es","level":"info","message":"login_exitoso","rol":"ADMIN","service":"aurosolar-erp","timestamp":"2026-02-24 23:48:08"}
{"error":"Dynamic server usage: Route /api/cobros/alertas couldn't be rendered statically because it used `cookies`. See more info here: https://nextjs.org/docs/messages/dynamic-server-error","level":"error","message":"error_api","ruta":"/api/cobros/alertas","service":"aurosolar-erp","timestamp":"2026-02-24 23:57:25"}
{"error":"Dynamic server usage: Route /api/cobros/resumen couldn't be rendered statically because it used `cookies`. See more info here: https://nextjs.org/docs/messages/dynamic-server-error","level":"error","message":"error_api","ruta":"/api/cobros/resumen","service":"aurosolar-erp","timestamp":"2026-02-24 23:57:25"}
{"error":"Dynamic server usage: Route /api/crm/ranking couldn't be rendered statically because it used `cookies`. See more info here: https://nextjs.org/docs/messages/dynamic-server-error","level":"error","message":"error_api","ruta":"/api/crm/ranking","service":"aurosolar-erp","timestamp":"2026-02-24 23:57:25"}
{"error":"Dynamic server usage: Route /api/crm/pipeline couldn't be rendered statically because it used `cookies`. See more info here: https://nextjs.org/docs/messages/dynamic-server-error","level":"error","message":"error_api","ruta":"/api/crm/pipeline","service":"aurosolar-erp","timestamp":"2026-02-24 23:57:25"}
{"error":"Dynamic server usage: Route /api/dashboard couldn't be rendered statically because it used `cookies`. See more info here: https://nextjs.org/docs/messages/dynamic-server-error","level":"error","message":"error_api","ruta":"/api/dashboard","service":"aurosolar-erp","timestamp":"2026-02-24 23:57:25"}
{"error":"Dynamic server usage: Route /api/crm/dashboard couldn't be rendered statically because it used `cookies`. See more info here: https://nextjs.org/docs/messages/dynamic-server-error","level":"error","message":"error_api","ruta":"/api/crm/dashboard","service":"aurosolar-erp","timestamp":"2026-02-24 23:57:25"}
{"error":"Dynamic server usage: Route /api/activos/resumen couldn't be rendered statically because it used `cookies`. See more info here: https://nextjs.org/docs/messages/dynamic-server-error","level":"error","message":"error_api","ruta":"/api/activos/resumen","service":"aurosolar-erp","timestamp":"2026-02-24 23:57:25"}
{"error":"Dynamic server usage: Route /api/incidencias couldn't be rendered statically because it used `cookies`. See more info here: https://nextjs.org/docs/messages/dynamic-server-error","level":"error","message":"error_api","ruta":"/api/incidencias","service":"aurosolar-erp","timestamp":"2026-02-24 23:57:25"}
{"error":"Dynamic server usage: Route /api/planificacion/disponibilidad couldn't be rendered statically because it used `cookies`. See more info here: https://nextjs.org/docs/messages/dynamic-server-error","level":"error","message":"error_api","ruta":"/api/planificacion/disponibilidad","service":"aurosolar-erp","timestamp":"2026-02-24 23:57:25"}
{"error":"Dynamic server usage: Route /api/portal/resumen couldn't be rendered statically because it used `cookies`. See more info here: https://nextjs.org/docs/messages/dynamic-server-error","level":"error","message":"error_api","ruta":"/api/portal/resumen","service":"aurosolar-erp","timestamp":"2026-02-24 23:57:25"}
{"error":"Dynamic server usage: Route /api/portal/obras couldn't be rendered statically because it used `cookies`. See more info here: https://nextjs.org/docs/messages/dynamic-server-error","level":"error","message":"error_api","ruta":"/api/portal/obras","service":"aurosolar-erp","timestamp":"2026-02-24 23:57:25"}
{"error":"Dynamic server usage: Route /api/rentabilidad couldn't be rendered statically because it used `cookies`. See more info here: https://nextjs.org/docs/messages/dynamic-server-error","level":"error","message":"error_api","ruta":"/api/rentabilidad","service":"aurosolar-erp","timestamp":"2026-02-24 23:57:25"}
{"error":"Dynamic server usage: Route /api/planificacion/sin-programar couldn't be rendered statically because it used `cookies`. See more info here: https://nextjs.org/docs/messages/dynamic-server-error","level":"error","message":"error_api","ruta":"/api/planificacion/sin-programar","service":"aurosolar-erp","timestamp":"2026-02-24 23:57:25"}
{"estado":"RESUELTA","id":"13723544-1a19-4d37-b6f1-57b05cf4da94","level":"info","message":"incidencia_resuelta","service":"aurosolar-erp","timestamp":"2026-02-24 23:59:25","usuario":"admin@aurosolar.es"}
